{
  "stats": {
    "suites": 1,
    "tests": 2,
    "passes": 2,
    "pending": 0,
    "failures": 0,
    "start": "2020-12-03T22:25:48.406Z",
    "end": "2020-12-03T22:25:53.261Z",
    "duration": 4855,
    "testsRegistered": 2,
    "passPercent": 100,
    "pendingPercent": 0,
    "other": 0,
    "hasOther": false,
    "skipped": 0,
    "hasSkipped": false
  },
  "results": [
    {
      "uuid": "9fd90be6-4b86-4888-a598-e6edde77adb2",
      "title": "",
      "fullFile": "cypress/integration/google-success.js",
      "file": "cypress/integration/google-success.js",
      "beforeHooks": [],
      "afterHooks": [],
      "tests": [],
      "suites": [
        {
          "uuid": "642698d1-7a58-486f-bc94-872435906825",
          "title": "Google success search",
          "fullFile": "",
          "file": "",
          "beforeHooks": [],
          "afterHooks": [],
          "tests": [
            {
              "title": "Successfully loads Google.com",
              "fullTitle": "Google success search Successfully loads Google.com",
              "timedOut": null,
              "duration": 996,
              "state": "passed",
              "speed": "slow",
              "pass": true,
              "fail": false,
              "pending": false,
              "context": "\"videos/google-success.js.mp4\"",
              "code": "cy.visit('https://www.google.com');",
              "err": {},
              "uuid": "cd3637a2-333e-4be5-aa55-d55dbf4001c6",
              "parentUUID": "642698d1-7a58-486f-bc94-872435906825",
              "isHook": false,
              "skipped": false
            },
            {
              "title": "Search for a video",
              "fullTitle": "Google success search Search for a video",
              "timedOut": null,
              "duration": 2724,
              "state": "passed",
              "speed": "slow",
              "pass": true,
              "fail": false,
              "pending": false,
              "context": "\"videos/google-success.js.mp4\"",
              "code": "cy.get('[name=\"q\"]').type('never gonna give you up youtube').should('have.value', 'never gonna give you up youtube').type('{enter}');",
              "err": {},
              "uuid": "aa3a02a1-4788-4515-a458-7a36bc6dffee",
              "parentUUID": "642698d1-7a58-486f-bc94-872435906825",
              "isHook": false,
              "skipped": false
            }
          ],
          "suites": [],
          "passes": [
            "cd3637a2-333e-4be5-aa55-d55dbf4001c6",
            "aa3a02a1-4788-4515-a458-7a36bc6dffee"
          ],
          "failures": [],
          "pending": [],
          "skipped": [],
          "duration": 3720,
          "root": false,
          "rootEmpty": false,
          "_timeout": 2000
        }
      ],
      "passes": [],
      "failures": [],
      "pending": [],
      "skipped": [],
      "duration": 0,
      "root": true,
      "rootEmpty": true,
      "_timeout": 2000
    }
  ],
  "meta": {
    "mocha": {
      "version": "7.0.1"
    },
    "mochawesome": {
      "options": {
        "quiet": false,
        "reportFilename": "mochawesome",
        "saveHtml": false,
        "saveJson": true,
        "consoleReporter": "spec",
        "useInlineDiffs": false,
        "code": true
      },
      "version": "6.1.1"
    },
    "marge": {
      "options": {
        "id": "default",
        "reportDir": "cypress/results/json",
        "overwrite": false,
        "html": false,
        "json": true
      },
      "version": "5.1.0"
    }
  }
}